<?xml version="1.0" encoding="UTF-8"?>
<!-- Generated by org.testng.reporters.JUnitReportReporter -->
<testsuite hostname="DESKTOP-29D1PLS" failures="0" tests="5" name="com.creatio.crm.application.runner.ApplicationTestRunner" time="65.305" errors="0" timestamp="2025-06-19T22:53:51 IST" skipped="0">
  <testcase classname="com.creatio.crm.application.runner.ApplicationTestRunner" name="runScenario" time="19.845"/>
  <testcase classname="com.creatio.crm.application.runner.ApplicationTestRunner" name="runScenario" time="15.568"/>
  <testcase classname="com.creatio.crm.application.runner.ApplicationTestRunner" name="runScenario" time="15.621"/>
  <testcase classname="com.creatio.crm.application.runner.ApplicationTestRunner" name="runScenario" time="14.267"/>
  <testcase classname="com.creatio.crm.application.runner.ApplicationTestRunner" name="runApplicationTests" time="0.004"/>
</testsuite> <!-- com.creatio.crm.application.runner.ApplicationTestRunner -->
