<?xml version="1.0" encoding="UTF-8"?>
<!-- Generated by org.testng.reporters.JUnitReportReporter -->
<testsuite hostname="DESKTOP-29D1PLS" failures="0" tests="5" name="com.creatio.crm.application.runner.ApplicationTestRunner" time="48.961" errors="0" timestamp="2025-06-20T18:10:24 IST" skipped="0">
  <testcase classname="com.creatio.crm.application.runner.ApplicationTestRunner" name="runScenario" time="13.347"/>
  <testcase classname="com.creatio.crm.application.runner.ApplicationTestRunner" name="runApplicationTests" time="0.004"/>
  <testcase classname="com.creatio.crm.application.runner.ApplicationTestRunner" name="runScenario" time="10.479"/>
  <testcase classname="com.creatio.crm.application.runner.ApplicationTestRunner" name="runScenario" time="14.996"/>
  <testcase classname="com.creatio.crm.application.runner.ApplicationTestRunner" name="runScenario" time="10.135"/>
</testsuite> <!-- com.creatio.crm.application.runner.ApplicationTestRunner -->
